CTA.prod2S.2a.lis
CTA.prod2S.2a-DSST.lis
CTA.prod2S.2a-LST.lis
CTA.prod2S.2a-MST.lis
CTA.prod2S.2a-noDSST.lis
CTA.prod2S.2a-noLST.lis
CTA.prod2S.2a-noMST.lis
CTA.prod2S.2ar1.lis
CTA.prod2S.2b.lis
CTA.prod2S.2b-LST.lis
CTA.prod2S.2b-MST.lis
CTA.prod2S.2b-noLST.lis
CTA.prod2S.2b-noMST.lis
CTA.prod2S.2b-noSSST.lis
CTA.prod2S.2br1.lis
CTA.prod2S.2b-SSST.lis
CTA.prod2S.2c.lis
CTA.prod2S.2c-LST.lis
CTA.prod2S.2c-MST.lis
CTA.prod2S.2c-noLST.lis
CTA.prod2S.2c-noMST.lis
CTA.prod2S.2c-noSSST.lis
CTA.prod2S.2cr1.lis
CTA.prod2S.2c-SSST.lis
CTA.prod2S.2d-DSST.lis
CTA.prod2S.2d.lis
CTA.prod2S.2d-LST.lis
CTA.prod2S.2d-MST.lis
CTA.prod2S.2d-noDSST.lis
CTA.prod2S.2d-noLST.lis
CTA.prod2S.2d-noMST.lis
CTA.prod2S.2dr1.lis
CTA.prod2S.2e.lis
CTA.prod2S.2er1.lis
CTA.prod2S.2f.lis
CTA.prod2S.2g.lis
CTA.prod2S.2h.lis
CTA.prod2S.2Nb.lis
CTA.prod2S.2Nb-LST.lis
CTA.prod2S.2Nb-MST.lis
CTA.prod2S.2Nc.lis
CTA.prod2S.2Nc-noLST.lis
CTA.prod2S.2Nd.lis
CTA.prod2S.2Nd-LST.lis
CTA.prod2S.2Nd-MST.lis
CTA.prod2S.2Ne.lis
CTA.prod2S.2Ne-LST.lis
CTA.prod2S.2Ne-MST.lis
CTA.prod2S.2Nf.lis
CTA.prod2S.2Nf-LST.lis
CTA.prod2S.2Nf-MST.lis
CTA.prod2S.2NN.lis
CTA.prod2S.2NN-LST.lis
CTA.prod2S.2NN-MST.lis
CTA.prod2S.s3-1-100m.lis
CTA.prod2S.s4-1-100m.lis
CTA.prod2S.s4-2-114m.lis
CTA.prod2S.s4-2-200m.lis
CTA.prod2S.s4-4-257m.lis
CTA.prod2S.s9-4-257m.lis
